<?xml version="1.0" encoding="UTF-8"?>
<!DOCTYPE mapper PUBLIC "-//mybatis.org//DTD Mapper 3.0//EN" "http://mybatis.org/dtd/mybatis-3-mapper.dtd">
<mapper namespace="com.tan.multi.ds.mybatis.test.mapper.TestMoneyMapper">

    <resultMap id="testResultMap" type="com.tan.multi.ds.mybatis.test.entity.TestMoneyEntity">
        <id column="id" property="id" jdbcType="INTEGER"/>
        <result column="name" property="name" jdbcType="VARCHAR"/>
        <result column="money" property="money" jdbcType="INTEGER"/>
        <result column="is_deleted" property="isDeleted" jdbcType="TINYINT"/>
        <result column="create_at" property="createAt" jdbcType="TIMESTAMP"/>
        <result column="update_at" property="updateAt" jdbcType="TIMESTAMP"/>
    </resultMap>

    <sql id="money_po">
        id, `name`, money, is_deleted, create_at, update_at
    </sql>

    <select id="findByIds" resultMap="testResultMap" parameterType="list">
        select
        <include refid="money_po"/>
        from money where id in
        <foreach collection="list" item="id" separator="," open="(" close=")" index="">
            #{id}
        </foreach>
    </select>

</mapper>